0 verbose cli /home/opc/.hermes/node/bin/node /home/opc/.hermes/node/bin/npm
1 info using npm@10.9.8
2 info using node@v22.22.3
3 silly config load:file:/home/opc/.hermes/node/lib/node_modules/npm/npmrc
4 silly config load:file:/home/opc/.hermes/profiles/coder-strong/lsp/.npmrc
5 silly config load:file:/home/opc/.hermes/profiles/coder-orchestrator/home/.npmrc
6 silly config load:file:/home/opc/.hermes/profiles/coder-strong/lsp/etc/npmrc
7 verbose title npm install typescript-language-server typescript
8 verbose argv "install" "--prefix" "/home/opc/.hermes/profiles/coder-strong/lsp" "--loglevel" "silent" "--no-fund" "--no-audit" "typescript-language-server" "typescript"
9 verbose logfile logs-max:10 dir:/home/opc/.hermes/profiles/coder-orchestrator/home/.npm/_logs/2026-05-31T12_08_42_417Z-
10 verbose logfile /home/opc/.hermes/profiles/coder-orchestrator/home/.npm/_logs/2026-05-31T12_08_42_417Z-debug-0.log
11 silly logfile done cleaning log files
12 silly packumentCache heap:4345298944 maxSize:1086324736 maxEntrySize:543162368
13 silly idealTree buildDeps
14 silly fetch manifest typescript-language-server@*
15 silly packumentCache full:https://registry.npmjs.org/typescript-language-server cache-miss
16 http fetch GET 200 https://registry.npmjs.org/typescript-language-server 307ms (cache miss)
17 silly packumentCache full:https://registry.npmjs.org/typescript-language-server set size:undefined disposed:false
18 silly fetch manifest typescript@*
19 silly packumentCache full:https://registry.npmjs.org/typescript cache-miss
20 http fetch GET 200 https://registry.npmjs.org/typescript 287ms (cache miss)
21 silly packumentCache full:https://registry.npmjs.org/typescript set size:undefined disposed:false
22 silly placeDep ROOT typescript@6.0.3 OK for:  want: *
23 silly placeDep ROOT typescript-language-server@5.3.0 OK for:  want: *
24 silly reify moves {}
25 http cache typescript-language-server@https://registry.npmjs.org/typescript-language-server/-/typescript-language-server-5.3.0.tgz 0ms (cache hit)
26 http cache typescript@https://registry.npmjs.org/typescript/-/typescript-6.0.3.tgz 0ms (cache hit)
27 silly tarball no local data for typescript-language-server@https://registry.npmjs.org/typescript-language-server/-/typescript-language-server-5.3.0.tgz. Extracting by manifest.
28 silly tarball no local data for typescript@https://registry.npmjs.org/typescript/-/typescript-6.0.3.tgz. Extracting by manifest.
29 http fetch GET 200 https://registry.npmjs.org/typescript-language-server/-/typescript-language-server-5.3.0.tgz 99ms (cache miss)
30 http fetch GET 200 https://registry.npmjs.org/typescript/-/typescript-6.0.3.tgz 296ms (cache miss)
31 verbose cwd /home/opc/projects/omnichannel-chat-hub
32 verbose os Linux 6.12.0-202.76.4.1.el9uek.aarch64
33 verbose node v22.22.3
34 verbose npm  v10.9.8
35 verbose exit 0
36 info ok
