0 verbose cli /home/opc/.hermes/node/bin/node /home/opc/.hermes/node/bin/npm
1 info using npm@10.9.8
2 info using node@v22.22.3
3 silly config load:file:/home/opc/.hermes/node/lib/node_modules/npm/npmrc
4 silly config load:file:/home/opc/projects/omnichannel-chat-hub-t_f318483a/frontend/.npmrc
5 silly config load:file:/home/opc/.hermes/profiles/coder-medium/home/.npmrc
6 silly config load:file:/home/opc/.hermes/node/etc/npmrc
7 verbose title npm install
8 verbose argv "install"
9 verbose logfile logs-max:10 dir:/home/opc/.hermes/profiles/coder-medium/home/.npm/_logs/2026-05-31T13_11_30_313Z-
10 verbose logfile /home/opc/.hermes/profiles/coder-medium/home/.npm/_logs/2026-05-31T13_11_30_313Z-debug-0.log
11 silly logfile done cleaning log files
12 silly packumentCache heap:4345298944 maxSize:1086324736 maxEntrySize:543162368
13 silly idealTree buildDeps
14 silly reify moves {}
15 silly audit bulk request {
15 silly audit   '@emnapi/core': [ '1.10.0' ],
15 silly audit   '@emnapi/runtime': [ '1.10.0' ],
15 silly audit   '@emnapi/wasi-threads': [ '1.2.1' ],
15 silly audit   '@napi-rs/wasm-runtime': [ '1.1.4' ],
15 silly audit   '@oxc-project/types': [ '0.132.0' ],
15 silly audit   '@rolldown/binding-android-arm64': [ '1.0.2' ],
15 silly audit   '@rolldown/binding-darwin-arm64': [ '1.0.2' ],
15 silly audit   '@rolldown/binding-darwin-x64': [ '1.0.2' ],
15 silly audit   '@rolldown/binding-freebsd-x64': [ '1.0.2' ],
15 silly audit   '@rolldown/binding-linux-arm-gnueabihf': [ '1.0.2' ],
15 silly audit   '@rolldown/binding-linux-arm64-gnu': [ '1.0.2' ],
15 silly audit   '@rolldown/binding-linux-arm64-musl': [ '1.0.2' ],
15 silly audit   '@rolldown/binding-linux-ppc64-gnu': [ '1.0.2' ],
15 silly audit   '@rolldown/binding-linux-s390x-gnu': [ '1.0.2' ],
15 silly audit   '@rolldown/binding-linux-x64-gnu': [ '1.0.2' ],
15 silly audit   '@rolldown/binding-linux-x64-musl': [ '1.0.2' ],
15 silly audit   '@rolldown/binding-openharmony-arm64': [ '1.0.2' ],
15 silly audit   '@rolldown/binding-wasm32-wasi': [ '1.0.2' ],
15 silly audit   '@rolldown/binding-win32-arm64-msvc': [ '1.0.2' ],
15 silly audit   '@rolldown/binding-win32-x64-msvc': [ '1.0.2' ],
15 silly audit   '@rolldown/pluginutils': [ '1.0.1' ],
15 silly audit   '@tybys/wasm-util': [ '0.10.2' ],
15 silly audit   '@types/react': [ '19.2.15' ],
15 silly audit   '@types/react-dom': [ '19.2.3' ],
15 silly audit   '@vitejs/plugin-react': [ '6.0.2' ],
15 silly audit   csstype: [ '3.2.3' ],
15 silly audit   'detect-libc': [ '2.1.2' ],
15 silly audit   fdir: [ '6.5.0' ],
15 silly audit   fsevents: [ '2.3.3' ],
15 silly audit   lightningcss: [ '1.32.0' ],
15 silly audit   'lightningcss-android-arm64': [ '1.32.0' ],
15 silly audit   'lightningcss-darwin-arm64': [ '1.32.0' ],
15 silly audit   'lightningcss-darwin-x64': [ '1.32.0' ],
15 silly audit   'lightningcss-freebsd-x64': [ '1.32.0' ],
15 silly audit   'lightningcss-linux-arm-gnueabihf': [ '1.32.0' ],
15 silly audit   'lightningcss-linux-arm64-gnu': [ '1.32.0' ],
15 silly audit   'lightningcss-linux-arm64-musl': [ '1.32.0' ],
15 silly audit   'lightningcss-linux-x64-gnu': [ '1.32.0' ],
15 silly audit   'lightningcss-linux-x64-musl': [ '1.32.0' ],
15 silly audit   'lightningcss-win32-arm64-msvc': [ '1.32.0' ],
15 silly audit   'lightningcss-win32-x64-msvc': [ '1.32.0' ],
15 silly audit   nanoid: [ '3.3.12' ],
15 silly audit   picocolors: [ '1.1.1' ],
15 silly audit   picomatch: [ '4.0.4' ],
15 silly audit   postcss: [ '8.5.15' ],
15 silly audit   prettier: [ '3.8.3' ],
15 silly audit   react: [ '19.2.6' ],
15 silly audit   'react-dom': [ '19.2.6' ],
15 silly audit   rolldown: [ '1.0.2' ],
15 silly audit   scheduler: [ '0.27.0' ],
15 silly audit   'source-map-js': [ '1.2.1' ],
15 silly audit   tinyglobby: [ '0.2.17' ],
15 silly audit   tslib: [ '2.8.1' ],
15 silly audit   typescript: [ '6.0.3' ],
15 silly audit   vite: [ '8.0.14' ]
15 silly audit }
16 verbose reify failed optional dependency /home/opc/projects/omnichannel-chat-hub-t_f318483a/frontend/node_modules/lightningcss-win32-x64-msvc
17 silly reify mark deleted [
17 silly reify   '/home/opc/projects/omnichannel-chat-hub-t_f318483a/frontend/node_modules/lightningcss-win32-x64-msvc'
17 silly reify ]
18 verbose reify failed optional dependency /home/opc/projects/omnichannel-chat-hub-t_f318483a/frontend/node_modules/lightningcss-win32-arm64-msvc
19 silly reify mark deleted [
19 silly reify   '/home/opc/projects/omnichannel-chat-hub-t_f318483a/frontend/node_modules/lightningcss-win32-arm64-msvc'
19 silly reify ]
20 verbose reify failed optional dependency /home/opc/projects/omnichannel-chat-hub-t_f318483a/frontend/node_modules/lightningcss-linux-x64-musl
21 silly reify mark deleted [
21 silly reify   '/home/opc/projects/omnichannel-chat-hub-t_f318483a/frontend/node_modules/lightningcss-linux-x64-musl'
21 silly reify ]
22 verbose reify failed optional dependency /home/opc/projects/omnichannel-chat-hub-t_f318483a/frontend/node_modules/lightningcss-linux-x64-gnu
23 silly reify mark deleted [
23 silly reify   '/home/opc/projects/omnichannel-chat-hub-t_f318483a/frontend/node_modules/lightningcss-linux-x64-gnu'
23 silly reify ]
24 verbose reify failed optional dependency /home/opc/projects/omnichannel-chat-hub-t_f318483a/frontend/node_modules/lightningcss-linux-arm-gnueabihf
25 silly reify mark deleted [
25 silly reify   '/home/opc/projects/omnichannel-chat-hub-t_f318483a/frontend/node_modules/lightningcss-linux-arm-gnueabihf'
25 silly reify ]
26 verbose reify failed optional dependency /home/opc/projects/omnichannel-chat-hub-t_f318483a/frontend/node_modules/lightningcss-freebsd-x64
27 silly reify mark deleted [
27 silly reify   '/home/opc/projects/omnichannel-chat-hub-t_f318483a/frontend/node_modules/lightningcss-freebsd-x64'
27 silly reify ]
28 verbose reify failed optional dependency /home/opc/projects/omnichannel-chat-hub-t_f318483a/frontend/node_modules/lightningcss-darwin-x64
29 silly reify mark deleted [
29 silly reify   '/home/opc/projects/omnichannel-chat-hub-t_f318483a/frontend/node_modules/lightningcss-darwin-x64'
29 silly reify ]
30 verbose reify failed optional dependency /home/opc/projects/omnichannel-chat-hub-t_f318483a/frontend/node_modules/lightningcss-darwin-arm64
31 silly reify mark deleted [
31 silly reify   '/home/opc/projects/omnichannel-chat-hub-t_f318483a/frontend/node_modules/lightningcss-darwin-arm64'
31 silly reify ]
32 verbose reify failed optional dependency /home/opc/projects/omnichannel-chat-hub-t_f318483a/frontend/node_modules/lightningcss-android-arm64
33 silly reify mark deleted [
33 silly reify   '/home/opc/projects/omnichannel-chat-hub-t_f318483a/frontend/node_modules/lightningcss-android-arm64'
33 silly reify ]
34 verbose reify failed optional dependency /home/opc/projects/omnichannel-chat-hub-t_f318483a/frontend/node_modules/fsevents
35 silly reify mark deleted [
35 silly reify   '/home/opc/projects/omnichannel-chat-hub-t_f318483a/frontend/node_modules/fsevents'
35 silly reify ]
36 verbose reify failed optional dependency /home/opc/projects/omnichannel-chat-hub-t_f318483a/frontend/node_modules/@rolldown/binding-win32-x64-msvc
37 silly reify mark deleted [
37 silly reify   '/home/opc/projects/omnichannel-chat-hub-t_f318483a/frontend/node_modules/@rolldown/binding-win32-x64-msvc'
37 silly reify ]
38 verbose reify failed optional dependency /home/opc/projects/omnichannel-chat-hub-t_f318483a/frontend/node_modules/@rolldown/binding-win32-arm64-msvc
39 silly reify mark deleted [
39 silly reify   '/home/opc/projects/omnichannel-chat-hub-t_f318483a/frontend/node_modules/@rolldown/binding-win32-arm64-msvc'
39 silly reify ]
40 verbose reify failed optional dependency /home/opc/projects/omnichannel-chat-hub-t_f318483a/frontend/node_modules/@rolldown/binding-wasm32-wasi
41 silly reify mark deleted [
41 silly reify   '/home/opc/projects/omnichannel-chat-hub-t_f318483a/frontend/node_modules/@rolldown/binding-wasm32-wasi'
41 silly reify ]
42 verbose reify failed optional dependency /home/opc/projects/omnichannel-chat-hub-t_f318483a/frontend/node_modules/@emnapi/core
43 silly reify mark deleted [
43 silly reify   '/home/opc/projects/omnichannel-chat-hub-t_f318483a/frontend/node_modules/@emnapi/core'
43 silly reify ]
44 verbose reify failed optional dependency /home/opc/projects/omnichannel-chat-hub-t_f318483a/frontend/node_modules/@emnapi/runtime
45 silly reify mark deleted [
45 silly reify   '/home/opc/projects/omnichannel-chat-hub-t_f318483a/frontend/node_modules/@emnapi/runtime'
45 silly reify ]
46 verbose reify failed optional dependency /home/opc/projects/omnichannel-chat-hub-t_f318483a/frontend/node_modules/@napi-rs/wasm-runtime
47 silly reify mark deleted [
47 silly reify   '/home/opc/projects/omnichannel-chat-hub-t_f318483a/frontend/node_modules/@napi-rs/wasm-runtime'
47 silly reify ]
48 verbose reify failed optional dependency /home/opc/projects/omnichannel-chat-hub-t_f318483a/frontend/node_modules/@emnapi/wasi-threads
49 silly reify mark deleted [
49 silly reify   '/home/opc/projects/omnichannel-chat-hub-t_f318483a/frontend/node_modules/@emnapi/wasi-threads'
49 silly reify ]
50 verbose reify failed optional dependency /home/opc/projects/omnichannel-chat-hub-t_f318483a/frontend/node_modules/tslib
51 silly reify mark deleted [
51 silly reify   '/home/opc/projects/omnichannel-chat-hub-t_f318483a/frontend/node_modules/tslib'
51 silly reify ]
52 verbose reify failed optional dependency /home/opc/projects/omnichannel-chat-hub-t_f318483a/frontend/node_modules/@tybys/wasm-util
53 silly reify mark deleted [
53 silly reify   '/home/opc/projects/omnichannel-chat-hub-t_f318483a/frontend/node_modules/@tybys/wasm-util'
53 silly reify ]
54 verbose reify failed optional dependency /home/opc/projects/omnichannel-chat-hub-t_f318483a/frontend/node_modules/@rolldown/binding-openharmony-arm64
55 silly reify mark deleted [
55 silly reify   '/home/opc/projects/omnichannel-chat-hub-t_f318483a/frontend/node_modules/@rolldown/binding-openharmony-arm64'
55 silly reify ]
56 verbose reify failed optional dependency /home/opc/projects/omnichannel-chat-hub-t_f318483a/frontend/node_modules/@rolldown/binding-linux-x64-musl
57 silly reify mark deleted [
57 silly reify   '/home/opc/projects/omnichannel-chat-hub-t_f318483a/frontend/node_modules/@rolldown/binding-linux-x64-musl'
57 silly reify ]
58 verbose reify failed optional dependency /home/opc/projects/omnichannel-chat-hub-t_f318483a/frontend/node_modules/@rolldown/binding-linux-x64-gnu
59 silly reify mark deleted [
59 silly reify   '/home/opc/projects/omnichannel-chat-hub-t_f318483a/frontend/node_modules/@rolldown/binding-linux-x64-gnu'
59 silly reify ]
60 verbose reify failed optional dependency /home/opc/projects/omnichannel-chat-hub-t_f318483a/frontend/node_modules/@rolldown/binding-linux-s390x-gnu
61 silly reify mark deleted [
61 silly reify   '/home/opc/projects/omnichannel-chat-hub-t_f318483a/frontend/node_modules/@rolldown/binding-linux-s390x-gnu'
61 silly reify ]
62 verbose reify failed optional dependency /home/opc/projects/omnichannel-chat-hub-t_f318483a/frontend/node_modules/@rolldown/binding-linux-ppc64-gnu
63 silly reify mark deleted [
63 silly reify   '/home/opc/projects/omnichannel-chat-hub-t_f318483a/frontend/node_modules/@rolldown/binding-linux-ppc64-gnu'
63 silly reify ]
64 verbose reify failed optional dependency /home/opc/projects/omnichannel-chat-hub-t_f318483a/frontend/node_modules/@rolldown/binding-linux-arm-gnueabihf
65 silly reify mark deleted [
65 silly reify   '/home/opc/projects/omnichannel-chat-hub-t_f318483a/frontend/node_modules/@rolldown/binding-linux-arm-gnueabihf'
65 silly reify ]
66 verbose reify failed optional dependency /home/opc/projects/omnichannel-chat-hub-t_f318483a/frontend/node_modules/@rolldown/binding-freebsd-x64
67 silly reify mark deleted [
67 silly reify   '/home/opc/projects/omnichannel-chat-hub-t_f318483a/frontend/node_modules/@rolldown/binding-freebsd-x64'
67 silly reify ]
68 verbose reify failed optional dependency /home/opc/projects/omnichannel-chat-hub-t_f318483a/frontend/node_modules/@rolldown/binding-darwin-x64
69 silly reify mark deleted [
69 silly reify   '/home/opc/projects/omnichannel-chat-hub-t_f318483a/frontend/node_modules/@rolldown/binding-darwin-x64'
69 silly reify ]
70 verbose reify failed optional dependency /home/opc/projects/omnichannel-chat-hub-t_f318483a/frontend/node_modules/@rolldown/binding-darwin-arm64
71 silly reify mark deleted [
71 silly reify   '/home/opc/projects/omnichannel-chat-hub-t_f318483a/frontend/node_modules/@rolldown/binding-darwin-arm64'
71 silly reify ]
72 verbose reify failed optional dependency /home/opc/projects/omnichannel-chat-hub-t_f318483a/frontend/node_modules/@rolldown/binding-android-arm64
73 silly reify mark deleted [
73 silly reify   '/home/opc/projects/omnichannel-chat-hub-t_f318483a/frontend/node_modules/@rolldown/binding-android-arm64'
73 silly reify ]
74 http cache vite@https://registry.npmjs.org/vite/-/vite-8.0.14.tgz 0ms (cache hit)
75 http cache typescript@https://registry.npmjs.org/typescript/-/typescript-6.0.3.tgz 0ms (cache hit)
76 http cache tinyglobby@https://registry.npmjs.org/tinyglobby/-/tinyglobby-0.2.17.tgz 0ms (cache hit)
77 http cache scheduler@https://registry.npmjs.org/scheduler/-/scheduler-0.27.0.tgz 0ms (cache hit)
78 http cache source-map-js@https://registry.npmjs.org/source-map-js/-/source-map-js-1.2.1.tgz 0ms (cache hit)
79 http cache tslib@https://registry.npmjs.org/tslib/-/tslib-2.8.1.tgz 0ms (cache hit)
80 http cache rolldown@https://registry.npmjs.org/rolldown/-/rolldown-1.0.2.tgz 0ms (cache hit)
81 http cache react-dom@https://registry.npmjs.org/react-dom/-/react-dom-19.2.6.tgz 0ms (cache hit)
82 http cache react@https://registry.npmjs.org/react/-/react-19.2.6.tgz 0ms (cache hit)
83 http cache prettier@https://registry.npmjs.org/prettier/-/prettier-3.8.3.tgz 0ms (cache hit)
84 http cache postcss@https://registry.npmjs.org/postcss/-/postcss-8.5.15.tgz 0ms (cache hit)
85 http cache picomatch@https://registry.npmjs.org/picomatch/-/picomatch-4.0.4.tgz 0ms (cache hit)
86 http cache picocolors@https://registry.npmjs.org/picocolors/-/picocolors-1.1.1.tgz 0ms (cache hit)
87 http cache nanoid@https://registry.npmjs.org/nanoid/-/nanoid-3.3.12.tgz 0ms (cache hit)
88 http cache lightningcss-linux-arm64-musl@https://registry.npmjs.org/lightningcss-linux-arm64-musl/-/lightningcss-linux-arm64-musl-1.32.0.tgz 0ms (cache hit)
89 http cache lightningcss-linux-arm64-gnu@https://registry.npmjs.org/lightningcss-linux-arm64-gnu/-/lightningcss-linux-arm64-gnu-1.32.0.tgz 0ms (cache hit)
90 http cache lightningcss@https://registry.npmjs.org/lightningcss/-/lightningcss-1.32.0.tgz 0ms (cache hit)
91 http cache fdir@https://registry.npmjs.org/fdir/-/fdir-6.5.0.tgz 0ms (cache hit)
92 http cache detect-libc@https://registry.npmjs.org/detect-libc/-/detect-libc-2.1.2.tgz 0ms (cache hit)
93 http cache csstype@https://registry.npmjs.org/csstype/-/csstype-3.2.3.tgz 0ms (cache hit)
94 http cache @vitejs/plugin-react@https://registry.npmjs.org/@vitejs/plugin-react/-/plugin-react-6.0.2.tgz 0ms (cache hit)
95 http cache @types/react-dom@https://registry.npmjs.org/@types/react-dom/-/react-dom-19.2.3.tgz 0ms (cache hit)
96 http cache @types/react@https://registry.npmjs.org/@types/react/-/react-19.2.15.tgz 0ms (cache hit)
97 http cache @tybys/wasm-util@https://registry.npmjs.org/@tybys/wasm-util/-/wasm-util-0.10.2.tgz 0ms (cache hit)
98 http cache @rolldown/pluginutils@https://registry.npmjs.org/@rolldown/pluginutils/-/pluginutils-1.0.1.tgz 0ms (cache hit)
99 http cache @rolldown/binding-linux-arm64-musl@https://registry.npmjs.org/@rolldown/binding-linux-arm64-musl/-/binding-linux-arm64-musl-1.0.2.tgz 0ms (cache hit)
100 http cache @rolldown/binding-linux-arm64-gnu@https://registry.npmjs.org/@rolldown/binding-linux-arm64-gnu/-/binding-linux-arm64-gnu-1.0.2.tgz 0ms (cache hit)
101 http cache @oxc-project/types@https://registry.npmjs.org/@oxc-project/types/-/types-0.132.0.tgz 0ms (cache hit)
102 http cache @emnapi/wasi-threads@https://registry.npmjs.org/@emnapi/wasi-threads/-/wasi-threads-1.2.1.tgz 0ms (cache hit)
103 http cache @napi-rs/wasm-runtime@https://registry.npmjs.org/@napi-rs/wasm-runtime/-/wasm-runtime-1.1.4.tgz 0ms (cache hit)
104 http cache @emnapi/core@https://registry.npmjs.org/@emnapi/core/-/core-1.10.0.tgz 0ms (cache hit)
105 http cache @emnapi/runtime@https://registry.npmjs.org/@emnapi/runtime/-/runtime-1.10.0.tgz 0ms (cache hit)
106 silly tarball no local data for vite@https://registry.npmjs.org/vite/-/vite-8.0.14.tgz. Extracting by manifest.
107 silly tarball no local data for typescript@https://registry.npmjs.org/typescript/-/typescript-6.0.3.tgz. Extracting by manifest.
108 silly tarball no local data for tinyglobby@https://registry.npmjs.org/tinyglobby/-/tinyglobby-0.2.17.tgz. Extracting by manifest.
109 silly tarball no local data for scheduler@https://registry.npmjs.org/scheduler/-/scheduler-0.27.0.tgz. Extracting by manifest.
110 silly tarball no local data for source-map-js@https://registry.npmjs.org/source-map-js/-/source-map-js-1.2.1.tgz. Extracting by manifest.
111 silly tarball no local data for tslib@https://registry.npmjs.org/tslib/-/tslib-2.8.1.tgz. Extracting by manifest.
112 silly tarball no local data for rolldown@https://registry.npmjs.org/rolldown/-/rolldown-1.0.2.tgz. Extracting by manifest.
113 silly tarball no local data for react-dom@https://registry.npmjs.org/react-dom/-/react-dom-19.2.6.tgz. Extracting by manifest.
114 silly tarball no local data for react@https://registry.npmjs.org/react/-/react-19.2.6.tgz. Extracting by manifest.
115 silly tarball no local data for prettier@https://registry.npmjs.org/prettier/-/prettier-3.8.3.tgz. Extracting by manifest.
116 silly tarball no local data for postcss@https://registry.npmjs.org/postcss/-/postcss-8.5.15.tgz. Extracting by manifest.
117 silly tarball no local data for picomatch@https://registry.npmjs.org/picomatch/-/picomatch-4.0.4.tgz. Extracting by manifest.
118 silly tarball no local data for picocolors@https://registry.npmjs.org/picocolors/-/picocolors-1.1.1.tgz. Extracting by manifest.
119 silly tarball no local data for nanoid@https://registry.npmjs.org/nanoid/-/nanoid-3.3.12.tgz. Extracting by manifest.
120 silly tarball no local data for lightningcss-linux-arm64-musl@https://registry.npmjs.org/lightningcss-linux-arm64-musl/-/lightningcss-linux-arm64-musl-1.32.0.tgz. Extracting by manifest.
121 silly tarball no local data for lightningcss-linux-arm64-gnu@https://registry.npmjs.org/lightningcss-linux-arm64-gnu/-/lightningcss-linux-arm64-gnu-1.32.0.tgz. Extracting by manifest.
122 silly tarball no local data for lightningcss@https://registry.npmjs.org/lightningcss/-/lightningcss-1.32.0.tgz. Extracting by manifest.
123 silly tarball no local data for fdir@https://registry.npmjs.org/fdir/-/fdir-6.5.0.tgz. Extracting by manifest.
124 silly tarball no local data for detect-libc@https://registry.npmjs.org/detect-libc/-/detect-libc-2.1.2.tgz. Extracting by manifest.
125 silly tarball no local data for csstype@https://registry.npmjs.org/csstype/-/csstype-3.2.3.tgz. Extracting by manifest.
126 silly tarball no local data for @vitejs/plugin-react@https://registry.npmjs.org/@vitejs/plugin-react/-/plugin-react-6.0.2.tgz. Extracting by manifest.
127 silly tarball no local data for @types/react-dom@https://registry.npmjs.org/@types/react-dom/-/react-dom-19.2.3.tgz. Extracting by manifest.
128 silly tarball no local data for @types/react@https://registry.npmjs.org/@types/react/-/react-19.2.15.tgz. Extracting by manifest.
129 silly tarball no local data for @tybys/wasm-util@https://registry.npmjs.org/@tybys/wasm-util/-/wasm-util-0.10.2.tgz. Extracting by manifest.
130 silly tarball no local data for @rolldown/pluginutils@https://registry.npmjs.org/@rolldown/pluginutils/-/pluginutils-1.0.1.tgz. Extracting by manifest.
131 silly tarball no local data for @rolldown/binding-linux-arm64-musl@https://registry.npmjs.org/@rolldown/binding-linux-arm64-musl/-/binding-linux-arm64-musl-1.0.2.tgz. Extracting by manifest.
132 silly tarball no local data for @rolldown/binding-linux-arm64-gnu@https://registry.npmjs.org/@rolldown/binding-linux-arm64-gnu/-/binding-linux-arm64-gnu-1.0.2.tgz. Extracting by manifest.
133 silly tarball no local data for @oxc-project/types@https://registry.npmjs.org/@oxc-project/types/-/types-0.132.0.tgz. Extracting by manifest.
134 silly tarball no local data for @emnapi/wasi-threads@https://registry.npmjs.org/@emnapi/wasi-threads/-/wasi-threads-1.2.1.tgz. Extracting by manifest.
135 silly tarball no local data for @napi-rs/wasm-runtime@https://registry.npmjs.org/@napi-rs/wasm-runtime/-/wasm-runtime-1.1.4.tgz. Extracting by manifest.
136 silly tarball no local data for @emnapi/core@https://registry.npmjs.org/@emnapi/core/-/core-1.10.0.tgz. Extracting by manifest.
137 silly tarball no local data for @emnapi/runtime@https://registry.npmjs.org/@emnapi/runtime/-/runtime-1.10.0.tgz. Extracting by manifest.
138 http fetch POST 200 https://registry.npmjs.org/-/npm/v1/security/advisories/bulk 412ms
139 silly audit report {}
140 http fetch GET 200 https://registry.npmjs.org/picocolors/-/picocolors-1.1.1.tgz 482ms (cache miss)
141 http fetch GET 200 https://registry.npmjs.org/tinyglobby/-/tinyglobby-0.2.17.tgz 491ms (cache miss)
142 http fetch GET 200 https://registry.npmjs.org/detect-libc/-/detect-libc-2.1.2.tgz 482ms (cache miss)
143 http fetch GET 200 https://registry.npmjs.org/@rolldown/pluginutils/-/pluginutils-1.0.1.tgz 485ms (cache miss)
144 http fetch GET 200 https://registry.npmjs.org/@oxc-project/types/-/types-0.132.0.tgz 485ms (cache miss)
145 http fetch GET 200 https://registry.npmjs.org/fdir/-/fdir-6.5.0.tgz 513ms (cache miss)
146 http fetch GET 200 https://registry.npmjs.org/@types/react-dom/-/react-dom-19.2.3.tgz 515ms (cache miss)
147 http fetch GET 200 https://registry.npmjs.org/@vitejs/plugin-react/-/plugin-react-6.0.2.tgz 523ms (cache miss)
148 http fetch GET 200 https://registry.npmjs.org/scheduler/-/scheduler-0.27.0.tgz 551ms (cache miss)
149 http fetch GET 200 https://registry.npmjs.org/tslib/-/tslib-2.8.1.tgz 561ms (cache miss)
150 http fetch GET 200 https://registry.npmjs.org/nanoid/-/nanoid-3.3.12.tgz 573ms (cache miss)
151 http fetch GET 200 https://registry.npmjs.org/picomatch/-/picomatch-4.0.4.tgz 578ms (cache miss)
152 http fetch GET 200 https://registry.npmjs.org/@emnapi/wasi-threads/-/wasi-threads-1.2.1.tgz 579ms (cache miss)
153 http fetch GET 200 https://registry.npmjs.org/source-map-js/-/source-map-js-1.2.1.tgz 632ms (cache miss)
154 http fetch GET 200 https://registry.npmjs.org/@types/react/-/react-19.2.15.tgz 636ms (cache miss)
155 http fetch GET 200 https://registry.npmjs.org/lightningcss/-/lightningcss-1.32.0.tgz 643ms (cache miss)
156 http fetch GET 200 https://registry.npmjs.org/@emnapi/runtime/-/runtime-1.10.0.tgz 639ms (cache miss)
157 http fetch GET 200 https://registry.npmjs.org/react/-/react-19.2.6.tgz 652ms (cache miss)
158 http fetch GET 200 https://registry.npmjs.org/csstype/-/csstype-3.2.3.tgz 683ms (cache miss)
159 http fetch GET 200 https://registry.npmjs.org/@emnapi/core/-/core-1.10.0.tgz 754ms (cache miss)
160 http fetch GET 200 https://registry.npmjs.org/postcss/-/postcss-8.5.15.tgz 766ms (cache miss)
161 http fetch GET 200 https://registry.npmjs.org/rolldown/-/rolldown-1.0.2.tgz 852ms (cache miss)
162 http fetch GET 200 https://registry.npmjs.org/@tybys/wasm-util/-/wasm-util-0.10.2.tgz 842ms (cache miss)
163 http fetch GET 200 https://registry.npmjs.org/vite/-/vite-8.0.14.tgz 888ms (cache miss)
164 http fetch GET 200 https://registry.npmjs.org/@napi-rs/wasm-runtime/-/wasm-runtime-1.1.4.tgz 915ms (cache miss)
165 http fetch GET 200 https://registry.npmjs.org/react-dom/-/react-dom-19.2.6.tgz 1049ms (cache miss)
166 http fetch GET 200 https://registry.npmjs.org/lightningcss-linux-arm64-gnu/-/lightningcss-linux-arm64-gnu-1.32.0.tgz 1074ms (cache miss)
167 http fetch GET 200 https://registry.npmjs.org/lightningcss-linux-arm64-musl/-/lightningcss-linux-arm64-musl-1.32.0.tgz 1077ms (cache miss)
168 http fetch GET 200 https://registry.npmjs.org/prettier/-/prettier-3.8.3.tgz 1119ms (cache miss)
169 http fetch GET 200 https://registry.npmjs.org/@rolldown/binding-linux-arm64-gnu/-/binding-linux-arm64-gnu-1.0.2.tgz 1258ms (cache miss)
170 http fetch GET 200 https://registry.npmjs.org/@rolldown/binding-linux-arm64-musl/-/binding-linux-arm64-musl-1.0.2.tgz 1263ms (cache miss)
171 http fetch GET 200 https://registry.npmjs.org/typescript/-/typescript-6.0.3.tgz 1331ms (cache miss)
172 silly ADD node_modules/vite
173 silly ADD node_modules/typescript
174 silly ADD
175 silly ADD node_modules/tinyglobby
176 silly ADD node_modules/source-map-js
177 silly ADD node_modules/scheduler
178 silly ADD node_modules/rolldown
179 silly ADD node_modules/react-dom
180 silly ADD node_modules/react
181 silly ADD node_modules/prettier
182 silly ADD node_modules/postcss
183 silly ADD node_modules/picomatch
184 silly ADD node_modules/picocolors
185 silly ADD node_modules/nanoid
186 silly ADD
187 silly ADD
188 silly ADD
189 silly ADD
190 silly ADD node_modules/lightningcss-linux-arm64-musl
191 silly ADD node_modules/lightningcss-linux-arm64-gnu
192 silly ADD
193 silly ADD
194 silly ADD
195 silly ADD
196 silly ADD
197 silly ADD node_modules/lightningcss
198 silly ADD
199 silly ADD node_modules/fdir
200 silly ADD node_modules/detect-libc
201 silly ADD node_modules/csstype
202 silly ADD node_modules/@vitejs/plugin-react
203 silly ADD node_modules/@types/react-dom
204 silly ADD node_modules/@types/react
205 silly ADD
206 silly ADD node_modules/@rolldown/pluginutils
207 silly ADD
208 silly ADD
209 silly ADD
210 silly ADD
211 silly ADD
212 silly ADD
213 silly ADD
214 silly ADD
215 silly ADD node_modules/@rolldown/binding-linux-arm64-musl
216 silly ADD node_modules/@rolldown/binding-linux-arm64-gnu
217 silly ADD
218 silly ADD
219 silly ADD
220 silly ADD
221 silly ADD
222 silly ADD node_modules/@oxc-project/types
223 silly ADD
224 silly ADD
225 silly ADD
226 silly ADD
227 verbose cwd /home/opc/projects/omnichannel-chat-hub-t_f318483a/frontend
228 verbose os Linux 6.12.0-202.76.4.1.el9uek.aarch64
229 verbose node v22.22.3
230 verbose npm  v10.9.8
231 verbose exit 0
232 info ok
